<?xml version="1.0" encoding="UTF-8"?>
<!-- Generated by org.testng.reporters.JUnitReportReporter -->
<testsuite skipped="0" hostname="GamezzOn-PC" name="creditCalculation.MonthlyStatement" tests="1" failures="0" timestamp="29 Jan 2018 06:40:38 GMT" time="0.756" errors="0">
  <testcase name="GetStatement" time="0.756" classname="creditCalculation.MonthlyStatement"/>
</testsuite> <!-- creditCalculation.MonthlyStatement -->
